2025-01-09 09:16:51,507 - ttf - INFO - データを読み込みます: data/spot/monthly/klines/BTCUSDT/1h/BTCUSDT-1h-2023-01.csv
2025-01-09 09:16:51,514 - ttf - INFO - データを読み込みました: 744行
2025-01-09 09:16:51,519 - ttf - INFO - データを処理しました: 744行 (2023-01-01 00:00:00 - 2023-01-31 23:00:00)
2025-01-09 09:18:51,567 - ttf - INFO - データを読み込みます: data/spot/monthly/klines/BTCUSDT/1h/BTCUSDT-1h-2023-01.csv
2025-01-09 09:18:51,573 - ttf - INFO - データを読み込みました: 744行
2025-01-09 09:18:51,575 - ttf - INFO - データを処理しました: 744行 (2023-01-01 00:00:00 - 2023-01-31 23:00:00)
2025-01-09 09:19:42,359 - ttf - INFO - データを読み込みます: data/spot/monthly/klines/BTCUSDT/1h/BTCUSDT-1h-2023-01.csv
2025-01-09 09:19:42,364 - ttf - INFO - データを読み込みました: 744行
2025-01-09 09:19:42,366 - ttf - INFO - データを処理しました: 744行 (2023-01-01 00:00:00 - 2023-01-31 23:00:00)
2025-01-09 09:29:51,872 - ttf - INFO - データを読み込みます: data/spot/monthly/klines/BTCUSDT/1h/BTCUSDT-1h-2023-01.csv
2025-01-09 09:29:51,878 - ttf - INFO - データを読み込みました: 744行
2025-01-09 09:29:51,881 - ttf - INFO - データを処理しました: 744行 (2023-01-01 00:00:00 - 2023-01-31 23:00:00)
2025-01-09 09:31:02,112 - ttf - INFO - データを読み込みます: data/spot/monthly/klines/BTCUSDT/1h/BTCUSDT-1h-2024-03.csv
2025-01-09 09:31:02,118 - ttf - INFO - データを読み込みました: 744行
2025-01-09 09:31:02,121 - ttf - INFO - データを処理しました: 744行 (2024-03-01 00:00:00 - 2024-03-31 23:00:00)
2025-01-09 09:39:43,257 - ttf - INFO - データを読み込みます: data/spot/monthly/klines/BTCUSDT/1h/BTCUSDT-1h-2023-01.csv
2025-01-09 09:39:43,262 - ttf - INFO - データを読み込みました: 744行
2025-01-09 09:39:43,265 - ttf - INFO - データを処理しました: 744行 (2023-01-01 00:00:00 - 2023-01-31 23:00:00)
2025-01-09 09:40:22,332 - ttf - INFO - データを読み込みます: data/spot/monthly/klines/BTCUSDT/1h/BTCUSDT-1h-2023-01.csv
2025-01-09 09:40:22,337 - ttf - INFO - データを読み込みました: 744行
2025-01-09 09:40:22,339 - ttf - INFO - データを処理しました: 744行 (2023-01-01 00:00:00 - 2023-01-31 23:00:00)
2025-01-09 09:41:11,406 - ttf - INFO - データを読み込みます: data/spot/monthly/klines/BTCUSDT/1h/BTCUSDT-1h-2024-05.csv
2025-01-09 09:41:11,412 - ttf - INFO - データを読み込みました: 744行
2025-01-09 09:41:11,415 - ttf - INFO - データを処理しました: 744行 (2024-05-01 00:00:00 - 2024-05-31 23:00:00)
2025-01-09 09:47:24,115 - ttf - INFO - データを読み込みます: data/spot/monthly/klines/BTCUSDT/1h/BTCUSDT-1h-2023-01.csv
2025-01-09 09:47:24,121 - ttf - INFO - データを読み込みました: 744行
2025-01-09 09:47:24,124 - ttf - INFO - データを処理しました: 744行 (2023-01-01 00:00:00 - 2023-01-31 23:00:00)
2025-01-09 09:47:57,313 - ttf - INFO - データを読み込みます: data/spot/monthly/klines/BTCUSDT/1h/BTCUSDT-1h-2024-05.csv
2025-01-09 09:47:57,317 - ttf - INFO - データを読み込みました: 744行
2025-01-09 09:47:57,321 - ttf - INFO - データを処理しました: 744行 (2024-05-01 00:00:00 - 2024-05-31 23:00:00)
2025-01-09 10:00:30,871 - ttf - INFO - データを読み込みました: BTCUSDT/1h (行数: 63781, 期間: 1502942400000 - 1733007600000)
2025-01-09 10:00:30,902 - ttf - INFO - データを処理しました: 63781行 (2017-08-17 04:00:00 - 2024-11-30 23:00:00)
2025-01-09 10:04:33,946 - ttf - INFO - データを読み込みました: BTCUSDT/1h (行数: 5881, 期間: 1709218800000 - 1730386800000)
2025-01-09 10:04:33,952 - ttf - INFO - データを処理しました: 5881行 (2024-02-29 15:00:00 - 2024-10-31 15:00:00)
2025-01-09 10:07:33,925 - ttf - INFO - データを読み込みました: BTCUSDT/1h (行数: 5881, 期間: 1709218800000 - 1730386800000)
2025-01-09 10:07:33,931 - ttf - INFO - データを処理しました: 5881行 (2024-02-29 15:00:00 - 2024-10-31 15:00:00)
2025-01-09 10:08:41,256 - ttf - INFO - データを読み込みました: BTCUSDT/1h (行数: 5881, 期間: 1709218800000 - 1730386800000)
2025-01-09 10:08:41,262 - ttf - INFO - データを処理しました: 5881行 (2024-02-29 15:00:00 - 2024-10-31 15:00:00)
2025-01-09 10:09:33,952 - ttf - INFO - データを読み込みました: BTCUSDT/1h (行数: 5881, 期間: 1709218800000 - 1730386800000)
2025-01-09 10:09:33,958 - ttf - INFO - データを処理しました: 5881行 (2024-02-29 15:00:00 - 2024-10-31 15:00:00)
2025-01-09 10:12:27,145 - ttf - INFO - データを読み込みました: BTCUSDT/1h (行数: 5881, 期間: 1709218800000 - 1730386800000)
2025-01-09 10:12:27,151 - ttf - INFO - データを処理しました: 5881行 (2024-02-29 15:00:00 - 2024-10-31 15:00:00)
2025-01-09 10:14:11,417 - ttf - INFO - データを読み込みました: BTCUSDT/1h (行数: 5881, 期間: 1709218800000 - 1730386800000)
2025-01-09 10:14:11,424 - ttf - INFO - データを処理しました: 5881行 (2024-02-29 15:00:00 - 2024-10-31 15:00:00)
2025-01-09 10:16:20,479 - ttf - INFO - データを読み込みました: BTCUSDT/1h (行数: 5881, 期間: 1709218800000 - 1730386800000)
2025-01-09 10:16:20,486 - ttf - INFO - データを処理しました: 5881行 (2024-02-29 15:00:00 - 2024-10-31 15:00:00)
2025-01-09 10:19:34,536 - ttf - INFO - データを読み込みました: BTCUSDT/1h (行数: 5881, 期間: 1709218800000 - 1730386800000)
2025-01-09 10:19:34,542 - ttf - INFO - データを処理しました: 5881行 (2024-02-29 15:00:00 - 2024-10-31 15:00:00)
2025-01-09 10:20:12,350 - ttf - INFO - データを読み込みました: BTCUSDT/1h (行数: 5881, 期間: 1709218800000 - 1730386800000)
2025-01-09 10:20:12,356 - ttf - INFO - データを処理しました: 5881行 (2024-02-29 15:00:00 - 2024-10-31 15:00:00)
2025-01-09 10:20:41,124 - ttf - INFO - データを読み込みました: BTCUSDT/1h (行数: 5881, 期間: 1709218800000 - 1730386800000)
2025-01-09 10:20:41,130 - ttf - INFO - データを処理しました: 5881行 (2024-02-29 15:00:00 - 2024-10-31 15:00:00)
2025-01-09 10:27:14,151 - ttf - INFO - データを読み込みました: BTCUSDT/1h (行数: 5881, 期間: 1709218800000 - 1730386800000)
2025-01-09 10:27:14,156 - ttf - INFO - データを処理しました: 5881行 (2024-02-29 15:00:00 - 2024-10-31 15:00:00)
2025-01-10 03:39:08,572 - ttf - INFO - データを読み込みました: BTCUSDT/1h (行数: 5881, 期間: 1709218800000 - 1730386800000)
2025-01-10 03:39:08,580 - ttf - INFO - データを処理しました: 5881行 (2024-02-29 15:00:00 - 2024-10-31 15:00:00)
2025-01-10 03:39:31,244 - ttf - INFO - データを読み込みました: BTCUSDT/1h (行数: 5881, 期間: 1709218800000 - 1730386800000)
2025-01-10 03:39:31,249 - ttf - INFO - データを処理しました: 5881行 (2024-02-29 15:00:00 - 2024-10-31 15:00:00)
2025-01-10 03:40:27,107 - ttf - INFO - データを読み込みました: BTCUSDT/1h (行数: 5881, 期間: 1709218800000 - 1730386800000)
2025-01-10 03:40:27,113 - ttf - INFO - データを処理しました: 5881行 (2024-02-29 15:00:00 - 2024-10-31 15:00:00)
2025-01-10 03:41:42,068 - ttf - INFO - データを読み込みました: BTCUSDT/1h (行数: 5881, 期間: 1709218800000 - 1730386800000)
2025-01-10 03:41:42,074 - ttf - INFO - データを処理しました: 5881行 (2024-02-29 15:00:00 - 2024-10-31 15:00:00)
2025-01-10 14:50:30,047 - ttf - INFO - データを読み込みました: BTCUSDT/1h (行数: 5881, 期間: 1709218800000 - 1730386800000)
2025-01-10 14:50:30,056 - ttf - INFO - データを処理しました: 5881行 (2024-02-29 15:00:00 - 2024-10-31 15:00:00)
2025-01-10 14:59:40,009 - ttf - ERROR - 指定された銘柄/時間足のディレクトリ 'data/BTCUSDT/1h' が存在しません
2025-01-10 15:02:01,522 - ttf - INFO - データを読み込みました: BTCUSDT/1h (行数: 5881, 期間: 1709218800000 - 1730386800000)
2025-01-10 15:02:01,528 - ttf - INFO - データを処理しました: 5881行 (2024-02-29 15:00:00 - 2024-10-31 15:00:00)
2025-01-10 15:06:38,070 - ttf - INFO - データを読み込みました: BTCUSDT/1h (行数: 5881, 期間: 1709218800000 - 1730386800000)
2025-01-10 15:06:38,076 - ttf - INFO - データを処理しました: 5881行 (2024-02-29 15:00:00 - 2024-10-31 15:00:00)
2025-01-10 15:09:01,102 - ttf - INFO - データを読み込みました: BTCUSDT/1h (行数: 5881, 期間: 1709218800000 - 1730386800000)
2025-01-10 15:09:01,108 - ttf - INFO - データを処理しました: 5881行 (2024-02-29 15:00:00 - 2024-10-31 15:00:00)
2025-01-10 15:22:17,424 - ttf - INFO - データを読み込みました: BTCUSDT/1h (行数: 5881, 期間: 1709218800000 - 1730386800000)
2025-01-10 15:22:17,429 - ttf - INFO - データを処理しました: 5881行 (2024-02-29 15:00:00 - 2024-10-31 15:00:00)
2025-01-10 15:23:23,058 - ttf - INFO - データを読み込みました: BTCUSDT/1h (行数: 5881, 期間: 1709218800000 - 1730386800000)
2025-01-10 15:23:23,063 - ttf - INFO - データを処理しました: 5881行 (2024-02-29 15:00:00 - 2024-10-31 15:00:00)
2025-01-11 03:17:22,066 - ttf - INFO - データを読み込みました: BTCUSDT/1h (行数: 5881, 期間: 1709218800000 - 1730386800000)
2025-01-11 03:17:22,073 - ttf - INFO - データを処理しました: 5881行 (2024-02-29 15:00:00 - 2024-10-31 15:00:00)
2025-01-11 03:18:11,331 - ttf - INFO - データを読み込みました: BTCUSDT/1h (行数: 5881, 期間: 1709218800000 - 1730386800000)
2025-01-11 03:18:11,337 - ttf - INFO - データを処理しました: 5881行 (2024-02-29 15:00:00 - 2024-10-31 15:00:00)
2025-01-11 03:18:46,883 - ttf - INFO - データを読み込みました: BTCUSDT/1h (行数: 5881, 期間: 1709218800000 - 1730386800000)
2025-01-11 03:18:46,889 - ttf - INFO - データを処理しました: 5881行 (2024-02-29 15:00:00 - 2024-10-31 15:00:00)
2025-01-11 03:22:01,403 - ttf - INFO - データを読み込みました: BTCUSDT/1h (行数: 5881, 期間: 1709218800000 - 1730386800000)
2025-01-11 03:22:01,409 - ttf - INFO - データを処理しました: 5881行 (2024-02-29 15:00:00 - 2024-10-31 15:00:00)
2025-01-11 03:22:28,347 - ttf - INFO - データを読み込みました: BTCUSDT/1h (行数: 5881, 期間: 1709218800000 - 1730386800000)
2025-01-11 03:22:28,354 - ttf - INFO - データを処理しました: 5881行 (2024-02-29 15:00:00 - 2024-10-31 15:00:00)
2025-01-11 03:30:33,173 - ttf - INFO - データを読み込みました: BTCUSDT/1h (行数: 5881, 期間: 1709218800000 - 1730386800000)
2025-01-11 03:30:33,178 - ttf - INFO - データを処理しました: 5881行 (2024-02-29 15:00:00 - 2024-10-31 15:00:00)
2025-01-11 05:44:39,054 - ttf - INFO - データを読み込みました: BTCUSDT/1h (行数: 5881, 期間: 1709218800000 - 1730386800000)
2025-01-11 05:44:39,065 - ttf - INFO - データを処理しました: 5881行 (2024-02-29 15:00:00 - 2024-10-31 15:00:00)
2025-01-11 05:48:09,132 - ttf - INFO - データを読み込みました: BTCUSDT/1h (行数: 5881, 期間: 1709218800000 - 1730386800000)
2025-01-11 05:48:09,137 - ttf - INFO - データを処理しました: 5881行 (2024-02-29 15:00:00 - 2024-10-31 15:00:00)
2025-01-11 06:37:56,654 - ttf - INFO - データを読み込みました: BTCUSDT/1h (行数: 5881, 期間: 1709218800000 - 1730386800000)
2025-01-11 06:37:56,661 - ttf - INFO - データを処理しました: 5881行 (2024-02-29 15:00:00 - 2024-10-31 15:00:00)
2025-01-11 06:38:46,283 - ttf - INFO - データを読み込みました: BTCUSDT/1h (行数: 5881, 期間: 1709218800000 - 1730386800000)
2025-01-11 06:38:46,288 - ttf - INFO - データを処理しました: 5881行 (2024-02-29 15:00:00 - 2024-10-31 15:00:00)
2025-01-11 06:39:54,742 - ttf - INFO - データを読み込みました: BTCUSDT/1h (行数: 5881, 期間: 1709218800000 - 1730386800000)
2025-01-11 06:39:54,747 - ttf - INFO - データを処理しました: 5881行 (2024-02-29 15:00:00 - 2024-10-31 15:00:00)
2025-01-11 06:44:03,992 - ttf - INFO - データを読み込みました: BTCUSDT/1h (行数: 5881, 期間: 1709218800000 - 1730386800000)
2025-01-11 06:44:03,998 - ttf - INFO - データを処理しました: 5881行 (2024-02-29 15:00:00 - 2024-10-31 15:00:00)
2025-01-11 07:32:17,964 - ttf - INFO - データを読み込みました: BTCUSDT/1h (行数: 5881, 期間: 1709218800000 - 1730386800000)
2025-01-11 07:32:17,974 - ttf - INFO - データを処理しました: 5881行 (2024-02-29 15:00:00 - 2024-10-31 15:00:00)
2025-01-11 07:38:25,781 - ttf - INFO - データを読み込みました: BTCUSDT/1h (行数: 5881, 期間: 1709218800000 - 1730386800000)
2025-01-11 07:38:25,786 - ttf - INFO - データを処理しました: 5881行 (2024-02-29 15:00:00 - 2024-10-31 15:00:00)
2025-01-11 14:39:44,326 - ttf - INFO - データを読み込みました: BTCUSDT/1h (行数: 5881, 期間: 1709218800000 - 1730386800000)
2025-01-11 14:39:44,332 - ttf - INFO - データを処理しました: 5881行 (2024-02-29 15:00:00 - 2024-10-31 15:00:00)
2025-01-11 14:48:48,649 - ttf - INFO - データを読み込みました: BTCUSDT/1h (行数: 5881, 期間: 1709218800000 - 1730386800000)
2025-01-11 14:48:48,655 - ttf - INFO - データを処理しました: 5881行 (2024-02-29 15:00:00 - 2024-10-31 15:00:00)
2025-01-11 14:49:56,101 - ttf - INFO - データを読み込みました: SOLUSDT/1h (行数: 5881, 期間: 1709218800000 - 1730386800000)
2025-01-11 14:49:56,106 - ttf - INFO - データを処理しました: 5881行 (2024-02-29 15:00:00 - 2024-10-31 15:00:00)
2025-01-12 02:32:39,702 - ttf - INFO - データを読み込みました: SOLUSDT/1h (行数: 5881, 期間: 1709218800000 - 1730386800000)
2025-01-12 02:32:39,713 - ttf - INFO - データを処理しました: 5881行 (2024-02-29 15:00:00 - 2024-10-31 15:00:00)
2025-01-12 02:33:08,413 - ttf - INFO - データを読み込みました: SOLUSDT/1h (行数: 5881, 期間: 1709218800000 - 1730386800000)
2025-01-12 02:33:08,420 - ttf - INFO - データを処理しました: 5881行 (2024-02-29 15:00:00 - 2024-10-31 15:00:00)
2025-01-12 02:35:41,293 - ttf - INFO - データを読み込みました: SOLUSDT/1h (行数: 5881, 期間: 1709218800000 - 1730386800000)
2025-01-12 02:35:41,299 - ttf - INFO - データを処理しました: 5881行 (2024-02-29 15:00:00 - 2024-10-31 15:00:00)
2025-01-12 02:42:38,654 - ttf - INFO - データを読み込みました: SOLUSDT/1h (行数: 5881, 期間: 1709218800000 - 1730386800000)
2025-01-12 02:42:38,660 - ttf - INFO - データを処理しました: 5881行 (2024-02-29 15:00:00 - 2024-10-31 15:00:00)
2025-01-12 02:43:53,728 - ttf - INFO - データを読み込みました: SOLUSDT/1h (行数: 5881, 期間: 1709218800000 - 1730386800000)
2025-01-12 02:43:53,734 - ttf - INFO - データを処理しました: 5881行 (2024-02-29 15:00:00 - 2024-10-31 15:00:00)
2025-01-12 02:45:42,578 - ttf - INFO - データを読み込みました: SOLUSDT/1h (行数: 5881, 期間: 1709218800000 - 1730386800000)
2025-01-12 02:45:42,584 - ttf - INFO - データを処理しました: 5881行 (2024-02-29 15:00:00 - 2024-10-31 15:00:00)
2025-01-12 02:47:13,142 - ttf - INFO - データを読み込みました: SOLUSDT/1h (行数: 5881, 期間: 1709218800000 - 1730386800000)
2025-01-12 02:47:13,148 - ttf - INFO - データを処理しました: 5881行 (2024-02-29 15:00:00 - 2024-10-31 15:00:00)
2025-01-12 02:47:44,215 - ttf - INFO - データを読み込みました: SOLUSDT/4h (行数: 1470, 期間: 1709222400000 - 1730376000000)
2025-01-12 02:47:44,218 - ttf - INFO - データを処理しました: 1470行 (2024-02-29 16:00:00 - 2024-10-31 12:00:00)
2025-01-12 02:54:44,096 - ttf - INFO - データを読み込みました: SOLUSDT/4h (行数: 1470, 期間: 1709222400000 - 1730376000000)
2025-01-12 02:54:44,100 - ttf - INFO - データを処理しました: 1470行 (2024-02-29 16:00:00 - 2024-10-31 12:00:00)
2025-01-12 03:03:00,363 - ttf - INFO - データを読み込みました: SOLUSDT/4h (行数: 1470, 期間: 1709222400000 - 1730376000000)
2025-01-12 03:03:00,366 - ttf - INFO - データを処理しました: 1470行 (2024-02-29 16:00:00 - 2024-10-31 12:00:00)
2025-01-12 03:03:13,523 - ttf - INFO - データを読み込みました: SOLUSDT/4h (行数: 1470, 期間: 1709222400000 - 1730376000000)
2025-01-12 03:03:13,526 - ttf - INFO - データを処理しました: 1470行 (2024-02-29 16:00:00 - 2024-10-31 12:00:00)
2025-01-12 03:05:47,430 - ttf - INFO - データを読み込みました: SOLUSDT/4h (行数: 1470, 期間: 1709222400000 - 1730376000000)
2025-01-12 03:05:47,433 - ttf - INFO - データを処理しました: 1470行 (2024-02-29 16:00:00 - 2024-10-31 12:00:00)
2025-01-12 03:05:53,877 - ttf - INFO - データを読み込みました: SOLUSDT/4h (行数: 1470, 期間: 1709222400000 - 1730376000000)
2025-01-12 03:05:53,880 - ttf - INFO - データを処理しました: 1470行 (2024-02-29 16:00:00 - 2024-10-31 12:00:00)
2025-01-12 03:06:40,081 - ttf - INFO - データを読み込みました: SOLUSDT/4h (行数: 1470, 期間: 1709222400000 - 1730376000000)
2025-01-12 03:06:40,084 - ttf - INFO - データを処理しました: 1470行 (2024-02-29 16:00:00 - 2024-10-31 12:00:00)
2025-01-12 03:14:00,954 - ttf - INFO - データを読み込みました: SOLUSDT/4h (行数: 1470, 期間: 1709222400000 - 1730376000000)
2025-01-12 03:14:00,957 - ttf - INFO - データを処理しました: 1470行 (2024-02-29 16:00:00 - 2024-10-31 12:00:00)
2025-01-12 03:19:38,588 - ttf - INFO - データを読み込みました: SOLUSDT/4h (行数: 1470, 期間: 1709222400000 - 1730376000000)
2025-01-12 03:19:38,592 - ttf - INFO - データを処理しました: 1470行 (2024-02-29 16:00:00 - 2024-10-31 12:00:00)
2025-01-12 03:21:44,051 - ttf - INFO - データを読み込みました: SOLUSDT/4h (行数: 1470, 期間: 1709222400000 - 1730376000000)
2025-01-12 03:21:44,054 - ttf - INFO - データを処理しました: 1470行 (2024-02-29 16:00:00 - 2024-10-31 12:00:00)
2025-01-12 03:24:20,220 - ttf - INFO - データを読み込みました: SOLUSDT/4h (行数: 1470, 期間: 1709222400000 - 1730376000000)
2025-01-12 03:24:20,223 - ttf - INFO - データを処理しました: 1470行 (2024-02-29 16:00:00 - 2024-10-31 12:00:00)
2025-01-12 03:25:22,805 - ttf - INFO - データを読み込みました: SOLUSDT/4h (行数: 1470, 期間: 1709222400000 - 1730376000000)
2025-01-12 03:25:22,808 - ttf - INFO - データを処理しました: 1470行 (2024-02-29 16:00:00 - 2024-10-31 12:00:00)
2025-01-12 03:27:06,388 - ttf - INFO - データを読み込みました: SOLUSDT/4h (行数: 1470, 期間: 1709222400000 - 1730376000000)
2025-01-12 03:27:06,392 - ttf - INFO - データを処理しました: 1470行 (2024-02-29 16:00:00 - 2024-10-31 12:00:00)
2025-01-12 03:27:45,297 - ttf - INFO - データを読み込みました: SOLUSDT/4h (行数: 1470, 期間: 1709222400000 - 1730376000000)
2025-01-12 03:27:45,300 - ttf - INFO - データを処理しました: 1470行 (2024-02-29 16:00:00 - 2024-10-31 12:00:00)
2025-01-12 03:28:36,769 - ttf - INFO - データを読み込みました: SOLUSDT/4h (行数: 1470, 期間: 1709222400000 - 1730376000000)
2025-01-12 03:28:36,773 - ttf - INFO - データを処理しました: 1470行 (2024-02-29 16:00:00 - 2024-10-31 12:00:00)
2025-01-12 03:30:02,779 - ttf - INFO - データを読み込みました: SOLUSDT/4h (行数: 1470, 期間: 1709222400000 - 1730376000000)
2025-01-12 03:30:02,782 - ttf - INFO - データを処理しました: 1470行 (2024-02-29 16:00:00 - 2024-10-31 12:00:00)
2025-01-12 03:30:29,729 - ttf - INFO - データを読み込みました: SOLUSDT/4h (行数: 1470, 期間: 1709222400000 - 1730376000000)
2025-01-12 03:30:29,733 - ttf - INFO - データを処理しました: 1470行 (2024-02-29 16:00:00 - 2024-10-31 12:00:00)
2025-01-12 03:31:21,790 - ttf - INFO - データを読み込みました: SOLUSDT/4h (行数: 1470, 期間: 1709222400000 - 1730376000000)
2025-01-12 03:31:21,793 - ttf - INFO - データを処理しました: 1470行 (2024-02-29 16:00:00 - 2024-10-31 12:00:00)
2025-01-12 03:32:15,929 - ttf - INFO - データを読み込みました: SOLUSDT/4h (行数: 1470, 期間: 1709222400000 - 1730376000000)
2025-01-12 03:32:15,932 - ttf - INFO - データを処理しました: 1470行 (2024-02-29 16:00:00 - 2024-10-31 12:00:00)
2025-01-12 03:33:28,683 - ttf - INFO - データを読み込みました: SOLUSDT/4h (行数: 1470, 期間: 1709222400000 - 1730376000000)
2025-01-12 03:33:28,686 - ttf - INFO - データを処理しました: 1470行 (2024-02-29 16:00:00 - 2024-10-31 12:00:00)
2025-01-12 03:36:59,566 - ttf - INFO - データを読み込みました: SOLUSDT/4h (行数: 1470, 期間: 1709222400000 - 1730376000000)
2025-01-12 03:36:59,569 - ttf - INFO - データを処理しました: 1470行 (2024-02-29 16:00:00 - 2024-10-31 12:00:00)
2025-01-12 03:37:07,506 - ttf - INFO - データを読み込みました: SOLUSDT/4h (行数: 1470, 期間: 1709222400000 - 1730376000000)
2025-01-12 03:37:07,510 - ttf - INFO - データを処理しました: 1470行 (2024-02-29 16:00:00 - 2024-10-31 12:00:00)
2025-01-12 03:42:00,109 - ttf - INFO - データを読み込みました: SOLUSDT/4h (行数: 1470, 期間: 1709222400000 - 1730376000000)
2025-01-12 03:42:00,113 - ttf - INFO - データを処理しました: 1470行 (2024-02-29 16:00:00 - 2024-10-31 12:00:00)
2025-01-12 04:03:41,409 - ttf - INFO - データを読み込みました: SOLUSDT/4h (行数: 1470, 期間: 1709222400000 - 1730376000000)
2025-01-12 04:03:41,412 - ttf - INFO - データを処理しました: 1470行 (2024-02-29 16:00:00 - 2024-10-31 12:00:00)
2025-01-12 04:04:09,600 - ttf - INFO - データを読み込みました: SOLUSDT/4h (行数: 1470, 期間: 1709222400000 - 1730376000000)
2025-01-12 04:04:09,604 - ttf - INFO - データを処理しました: 1470行 (2024-02-29 16:00:00 - 2024-10-31 12:00:00)
2025-01-12 04:04:40,464 - ttf - INFO - データを読み込みました: SOLUSDT/4h (行数: 1470, 期間: 1709222400000 - 1730376000000)
2025-01-12 04:04:40,467 - ttf - INFO - データを処理しました: 1470行 (2024-02-29 16:00:00 - 2024-10-31 12:00:00)
2025-01-12 04:05:10,409 - ttf - INFO - データを読み込みました: SOLUSDT/4h (行数: 1470, 期間: 1709222400000 - 1730376000000)
2025-01-12 04:05:10,412 - ttf - INFO - データを処理しました: 1470行 (2024-02-29 16:00:00 - 2024-10-31 12:00:00)
2025-01-12 04:06:33,139 - ttf - INFO - データを読み込みました: SOLUSDT/4h (行数: 1470, 期間: 1709222400000 - 1730376000000)
2025-01-12 04:06:33,142 - ttf - INFO - データを処理しました: 1470行 (2024-02-29 16:00:00 - 2024-10-31 12:00:00)
2025-01-12 04:07:25,409 - ttf - INFO - データを読み込みました: SOLUSDT/4h (行数: 1470, 期間: 1709222400000 - 1730376000000)
2025-01-12 04:07:25,412 - ttf - INFO - データを処理しました: 1470行 (2024-02-29 16:00:00 - 2024-10-31 12:00:00)
2025-01-12 04:08:24,761 - ttf - INFO - データを読み込みました: SOLUSDT/4h (行数: 1470, 期間: 1709222400000 - 1730376000000)
2025-01-12 04:08:24,764 - ttf - INFO - データを処理しました: 1470行 (2024-02-29 16:00:00 - 2024-10-31 12:00:00)
2025-01-12 04:10:28,222 - ttf - INFO - データを読み込みました: SOLUSDT/4h (行数: 1470, 期間: 1709222400000 - 1730376000000)
2025-01-12 04:10:28,226 - ttf - INFO - データを処理しました: 1470行 (2024-02-29 16:00:00 - 2024-10-31 12:00:00)
2025-01-12 04:15:08,636 - ttf - INFO - データを読み込みました: TIAUSDT/4h (行数: 1932, 期間: 1698768000000 - 1730376000000)
2025-01-12 04:15:08,639 - ttf - INFO - データを処理しました: 1932行 (2023-10-31 16:00:00 - 2024-10-31 12:00:00)
2025-01-12 04:22:56,106 - ttf - INFO - データを読み込みました: TIAUSDT/4h (行数: 1932, 期間: 1698768000000 - 1730376000000)
2025-01-12 04:22:56,109 - ttf - INFO - データを処理しました: 1932行 (2023-10-31 16:00:00 - 2024-10-31 12:00:00)
2025-01-12 04:56:14,326 - ttf - INFO - データを読み込みました: TIAUSDT/4h (行数: 1932, 期間: 1698768000000 - 1730376000000)
2025-01-12 04:56:14,329 - ttf - INFO - データを処理しました: 1932行 (2023-10-31 16:00:00 - 2024-10-31 12:00:00)
2025-01-12 05:03:10,039 - ttf - INFO - データを読み込みました: TIAUSDT/4h (行数: 1932, 期間: 1698768000000 - 1730376000000)
2025-01-12 05:03:10,042 - ttf - INFO - データを処理しました: 1932行 (2023-10-31 16:00:00 - 2024-10-31 12:00:00)
2025-01-12 05:03:41,074 - ttf - INFO - データを読み込みました: TIAUSDT/4h (行数: 1932, 期間: 1698768000000 - 1730376000000)
2025-01-12 05:03:41,077 - ttf - INFO - データを処理しました: 1932行 (2023-10-31 16:00:00 - 2024-10-31 12:00:00)
2025-01-12 05:04:01,244 - ttf - INFO - データを読み込みました: TIAUSDT/4h (行数: 1932, 期間: 1698768000000 - 1730376000000)
2025-01-12 05:04:01,248 - ttf - INFO - データを処理しました: 1932行 (2023-10-31 16:00:00 - 2024-10-31 12:00:00)
2025-01-12 05:21:10,615 - ttf - INFO - データを読み込みました: TIAUSDT/4h (行数: 2106, 期間: 1698768000000 - 1732881600000)
2025-01-12 05:21:10,619 - ttf - INFO - データを処理しました: 2106行 (2023-10-31 16:00:00 - 2024-11-29 12:00:00)
2025-01-12 05:22:13,270 - ttf - INFO - データを読み込みました: TIAUSDT/4h (行数: 2106, 期間: 1698768000000 - 1732881600000)
2025-01-12 05:22:13,273 - ttf - INFO - データを処理しました: 2106行 (2023-10-31 16:00:00 - 2024-11-29 12:00:00)
2025-01-12 05:24:17,144 - ttf - INFO - データを読み込みました: TIAUSDT/4h (行数: 2106, 期間: 1698768000000 - 1732881600000)
2025-01-12 05:24:17,147 - ttf - INFO - データを処理しました: 2106行 (2023-10-31 16:00:00 - 2024-11-29 12:00:00)
2025-01-12 05:26:13,983 - ttf - INFO - データを読み込みました: TIAUSDT/4h (行数: 2106, 期間: 1698768000000 - 1732881600000)
2025-01-12 05:26:13,986 - ttf - INFO - データを処理しました: 2106行 (2023-10-31 16:00:00 - 2024-11-29 12:00:00)
2025-01-12 05:26:27,445 - ttf - INFO - データを読み込みました: TIAUSDT/4h (行数: 2106, 期間: 1698768000000 - 1732881600000)
2025-01-12 05:26:27,448 - ttf - INFO - データを処理しました: 2106行 (2023-10-31 16:00:00 - 2024-11-29 12:00:00)
2025-01-12 05:28:38,044 - ttf - INFO - データを読み込みました: TIAUSDT/4h (行数: 2106, 期間: 1698768000000 - 1732881600000)
2025-01-12 05:28:38,047 - ttf - INFO - データを処理しました: 2106行 (2023-10-31 16:00:00 - 2024-11-29 12:00:00)
2025-01-12 05:32:41,498 - ttf - INFO - データを読み込みました: TIAUSDT/4h (行数: 2106, 期間: 1698768000000 - 1732881600000)
2025-01-12 05:32:41,502 - ttf - INFO - データを処理しました: 2106行 (2023-10-31 16:00:00 - 2024-11-29 12:00:00)
2025-01-12 05:37:49,477 - ttf - INFO - データを読み込みました: TIAUSDT/4h (行数: 2106, 期間: 1698768000000 - 1732881600000)
2025-01-12 05:37:49,481 - ttf - INFO - データを処理しました: 2106行 (2023-10-31 16:00:00 - 2024-11-29 12:00:00)
2025-01-12 05:43:02,717 - ttf - INFO - データを読み込みました: TIAUSDT/4h (行数: 2106, 期間: 1698768000000 - 1732881600000)
2025-01-12 05:43:02,720 - ttf - INFO - データを処理しました: 2106行 (2023-10-31 16:00:00 - 2024-11-29 12:00:00)
2025-01-12 05:50:08,689 - ttf - INFO - データを読み込みました: TIAUSDT/4h (行数: 2106, 期間: 1698768000000 - 1732881600000)
2025-01-12 05:50:08,692 - ttf - INFO - データを処理しました: 2106行 (2023-10-31 16:00:00 - 2024-11-29 12:00:00)
2025-01-12 05:59:14,030 - ttf - INFO - データを読み込みました: TIAUSDT/4h (行数: 2106, 期間: 1698768000000 - 1732881600000)
2025-01-12 05:59:14,033 - ttf - INFO - データを処理しました: 2106行 (2023-10-31 16:00:00 - 2024-11-29 12:00:00)
2025-01-12 06:19:48,830 - ttf - INFO - データを読み込みました: TIAUSDT/4h (行数: 2106, 期間: 1698768000000 - 1732881600000)
2025-01-12 06:19:48,834 - ttf - INFO - データを処理しました: 2106行 (2023-10-31 16:00:00 - 2024-11-29 12:00:00)
2025-01-12 06:28:01,077 - ttf - INFO - データを読み込みました: TIAUSDT/4h (行数: 2106, 期間: 1698768000000 - 1732881600000)
2025-01-12 06:28:01,080 - ttf - INFO - データを処理しました: 2106行 (2023-10-31 16:00:00 - 2024-11-29 12:00:00)
2025-01-12 06:30:13,047 - ttf - INFO - データを読み込みました: TIAUSDT/4h (行数: 2106, 期間: 1698768000000 - 1732881600000)
2025-01-12 06:30:13,052 - ttf - INFO - データを処理しました: 2106行 (2023-10-31 16:00:00 - 2024-11-29 12:00:00)
2025-01-12 06:36:53,965 - ttf - INFO - データを読み込みました: TIAUSDT/4h (行数: 2106, 期間: 1698768000000 - 1732881600000)
2025-01-12 06:36:53,968 - ttf - INFO - データを処理しました: 2106行 (2023-10-31 16:00:00 - 2024-11-29 12:00:00)
2025-01-12 06:38:32,074 - ttf - INFO - データを読み込みました: TIAUSDT/4h (行数: 2106, 期間: 1698768000000 - 1732881600000)
2025-01-12 06:38:32,077 - ttf - INFO - データを処理しました: 2106行 (2023-10-31 16:00:00 - 2024-11-29 12:00:00)
2025-01-12 06:47:28,039 - ttf - INFO - データを読み込みました: TIAUSDT/4h (行数: 2106, 期間: 1698768000000 - 1732881600000)
2025-01-12 06:47:28,042 - ttf - INFO - データを処理しました: 2106行 (2023-10-31 16:00:00 - 2024-11-29 12:00:00)
2025-01-12 07:01:52,252 - ttf - INFO - データを読み込みました: TIAUSDT/4h (行数: 2106, 期間: 1698768000000 - 1732881600000)
2025-01-12 07:01:52,257 - ttf - INFO - データを処理しました: 2106行 (2023-10-31 16:00:00 - 2024-11-29 12:00:00)
2025-01-12 07:09:12,491 - ttf - INFO - データを読み込みました: TIAUSDT/4h (行数: 2106, 期間: 1698768000000 - 1732881600000)
2025-01-12 07:09:12,494 - ttf - INFO - データを処理しました: 2106行 (2023-10-31 16:00:00 - 2024-11-29 12:00:00)
2025-01-12 07:09:53,872 - ttf - INFO - データを読み込みました: SOLUSDT/4h (行数: 2556, 期間: 1696089600000 - 1732881600000)
2025-01-12 07:09:53,875 - ttf - INFO - データを処理しました: 2556行 (2023-09-30 16:00:00 - 2024-11-29 12:00:00)
2025-01-12 07:13:28,589 - ttf - INFO - データを読み込みました: BTCUSDT/4h (行数: 2556, 期間: 1696089600000 - 1732881600000)
2025-01-12 07:13:28,594 - ttf - INFO - データを処理しました: 2556行 (2023-09-30 16:00:00 - 2024-11-29 12:00:00)
2025-01-12 07:14:07,944 - ttf - INFO - データを読み込みました: SUIUSDT/4h (行数: 2291, 期間: 1696089600000 - 1732881600000)
2025-01-12 07:14:07,948 - ttf - INFO - データを処理しました: 2291行 (2023-09-30 16:00:00 - 2024-11-29 12:00:00)
2025-01-12 07:28:13,126 - ttf - INFO - データを読み込みました: SUIUSDT/4h (行数: 2291, 期間: 1696089600000 - 1732881600000)
2025-01-12 07:28:13,129 - ttf - INFO - データを処理しました: 2291行 (2023-09-30 16:00:00 - 2024-11-29 12:00:00)
2025-01-12 07:51:48,881 - ttf - INFO - データを読み込みました: SUIUSDT/4h (行数: 2291, 期間: 1696089600000 - 1732881600000)
2025-01-12 07:51:48,886 - ttf - INFO - データを処理しました: 2291行 (2023-09-30 16:00:00 - 2024-11-29 12:00:00)
2025-01-12 07:56:45,531 - ttf - INFO - データを読み込みました: SUIUSDT/4h (行数: 2291, 期間: 1696089600000 - 1732881600000)
2025-01-12 07:56:45,534 - ttf - INFO - データを処理しました: 2291行 (2023-09-30 16:00:00 - 2024-11-29 12:00:00)
2025-01-12 08:10:34,388 - ttf - INFO - データを読み込みました: SOLUSDT/4h (行数: 2556, 期間: 1696089600000 - 1732881600000)
2025-01-12 08:10:34,393 - ttf - INFO - データを処理しました: 2556行 (2023-09-30 16:00:00 - 2024-11-29 12:00:00)
2025-01-12 08:13:09,936 - ttf - INFO - データを読み込みました: SOLUSDT/4h (行数: 2556, 期間: 1696089600000 - 1732881600000)
2025-01-12 08:13:09,940 - ttf - INFO - データを処理しました: 2556行 (2023-09-30 16:00:00 - 2024-11-29 12:00:00)
2025-01-12 08:16:36,876 - ttf - INFO - データを読み込みました: SOLUSDT/4h (行数: 2556, 期間: 1696089600000 - 1732881600000)
2025-01-12 08:16:36,880 - ttf - INFO - データを処理しました: 2556行 (2023-09-30 16:00:00 - 2024-11-29 12:00:00)
2025-01-12 08:19:28,942 - ttf - INFO - データを読み込みました: SOLUSDT/4h (行数: 2556, 期間: 1696089600000 - 1732881600000)
2025-01-12 08:19:28,945 - ttf - INFO - データを処理しました: 2556行 (2023-09-30 16:00:00 - 2024-11-29 12:00:00)
2025-01-12 08:29:31,427 - ttf - INFO - データを読み込みました: SOLUSDT/1h (行数: 18984, 期間: 1664550000000 - 1732892400000)
2025-01-12 08:29:31,438 - ttf - INFO - データを処理しました: 18984行 (2022-09-30 15:00:00 - 2024-11-29 15:00:00)
2025-01-12 08:29:49,911 - ttf - INFO - データを読み込みました: SOLUSDT/1h (行数: 18984, 期間: 1664550000000 - 1732892400000)
2025-01-12 08:29:49,922 - ttf - INFO - データを処理しました: 18984行 (2022-09-30 15:00:00 - 2024-11-29 15:00:00)
2025-01-12 08:31:05,630 - ttf - INFO - データを読み込みました: SOLUSDT/1h (行数: 18984, 期間: 1664550000000 - 1732892400000)
2025-01-12 08:31:05,641 - ttf - INFO - データを処理しました: 18984行 (2022-09-30 15:00:00 - 2024-11-29 15:00:00)
2025-01-12 08:35:30,525 - ttf - INFO - データを読み込みました: SOLUSDT/1h (行数: 18984, 期間: 1664550000000 - 1732892400000)
2025-01-12 08:35:30,536 - ttf - INFO - データを処理しました: 18984行 (2022-09-30 15:00:00 - 2024-11-29 15:00:00)
2025-01-12 08:37:13,880 - ttf - INFO - データを読み込みました: SOLUSDT/1h (行数: 18984, 期間: 1664550000000 - 1732892400000)
2025-01-12 08:37:13,892 - ttf - INFO - データを処理しました: 18984行 (2022-09-30 15:00:00 - 2024-11-29 15:00:00)
2025-01-12 08:39:12,682 - ttf - INFO - データを読み込みました: SOLUSDT/1h (行数: 18984, 期間: 1664550000000 - 1732892400000)
2025-01-12 08:39:12,694 - ttf - INFO - データを処理しました: 18984行 (2022-09-30 15:00:00 - 2024-11-29 15:00:00)
2025-01-12 08:46:44,725 - ttf - INFO - データを読み込みました: SOLUSDT/1h (行数: 18984, 期間: 1664550000000 - 1732892400000)
2025-01-12 08:46:44,736 - ttf - INFO - データを処理しました: 18984行 (2022-09-30 15:00:00 - 2024-11-29 15:00:00)
2025-01-12 09:06:04,729 - ttf - INFO - データを読み込みました: SOLUSDT/1h (行数: 18984, 期間: 1664550000000 - 1732892400000)
2025-01-12 09:06:04,740 - ttf - INFO - データを処理しました: 18984行 (2022-09-30 15:00:00 - 2024-11-29 15:00:00)
2025-01-12 09:06:04,740 - ttf - INFO - グリッドサーチによる最適化を開始します
2025-01-12 09:06:04,740 - ttf - INFO - パラメーター組み合わせ総数: 16
2025-01-12 09:07:10,093 - ttf - INFO - データを読み込みました: SOLUSDT/1h (行数: 18984, 期間: 1664550000000 - 1732892400000)
2025-01-12 09:07:10,104 - ttf - INFO - データを処理しました: 18984行 (2022-09-30 15:00:00 - 2024-11-29 15:00:00)
2025-01-12 09:07:10,105 - ttf - INFO - グリッドサーチによる最適化を開始します
2025-01-12 09:07:10,106 - ttf - INFO - パラメーター組み合わせ総数: 11520
2025-01-12 09:11:39,437 - ttf - INFO - データを読み込みました: SOLUSDT/1h (行数: 18984, 期間: 1664550000000 - 1732892400000)
2025-01-12 09:11:39,448 - ttf - INFO - データを処理しました: 18984行 (2022-09-30 15:00:00 - 2024-11-29 15:00:00)
2025-01-12 09:14:45,542 - ttf - INFO - データを読み込みました: SOLUSDT/1h (行数: 18984, 期間: 1664550000000 - 1732892400000)
2025-01-12 09:14:45,552 - ttf - INFO - データを処理しました: 18984行 (2022-09-30 15:00:00 - 2024-11-29 15:00:00)
2025-01-12 09:16:00,814 - ttf - INFO - データを読み込みました: SOLUSDT/1h (行数: 18984, 期間: 1664550000000 - 1732892400000)
2025-01-12 09:16:00,828 - ttf - INFO - データを処理しました: 18984行 (2022-09-30 15:00:00 - 2024-11-29 15:00:00)
2025-01-12 09:16:32,472 - ttf - INFO - データを読み込みました: SOLUSDT/1h (行数: 18984, 期間: 1664550000000 - 1732892400000)
2025-01-12 09:16:32,483 - ttf - INFO - データを処理しました: 18984行 (2022-09-30 15:00:00 - 2024-11-29 15:00:00)
2025-01-12 09:22:16,732 - ttf - INFO - データを読み込みました: SOLUSDT/1h (行数: 18984, 期間: 1664550000000 - 1732892400000)
2025-01-12 09:22:16,746 - ttf - INFO - データを処理しました: 18984行 (2022-09-30 15:00:00 - 2024-11-29 15:00:00)
2025-01-12 09:25:06,709 - ttf - INFO - データを読み込みました: SOLUSDT/1h (行数: 18984, 期間: 1664550000000 - 1732892400000)
2025-01-12 09:25:06,721 - ttf - INFO - データを処理しました: 18984行 (2022-09-30 15:00:00 - 2024-11-29 15:00:00)
2025-01-12 09:25:42,254 - ttf - INFO - データを読み込みました: SOLUSDT/1h (行数: 18984, 期間: 1664550000000 - 1732892400000)
2025-01-12 09:25:42,265 - ttf - INFO - データを処理しました: 18984行 (2022-09-30 15:00:00 - 2024-11-29 15:00:00)
2025-01-12 09:25:55,870 - ttf - INFO - データを読み込みました: SOLUSDT/1h (行数: 18984, 期間: 1664550000000 - 1732892400000)
2025-01-12 09:25:55,882 - ttf - INFO - データを処理しました: 18984行 (2022-09-30 15:00:00 - 2024-11-29 15:00:00)
2025-01-12 09:26:36,273 - ttf - INFO - データを読み込みました: SOLUSDT/1h (行数: 18984, 期間: 1664550000000 - 1732892400000)
2025-01-12 09:26:36,284 - ttf - INFO - データを処理しました: 18984行 (2022-09-30 15:00:00 - 2024-11-29 15:00:00)
2025-01-12 09:26:48,460 - ttf - INFO - データを読み込みました: SOLUSDT/1h (行数: 18984, 期間: 1664550000000 - 1732892400000)
2025-01-12 09:26:48,472 - ttf - INFO - データを処理しました: 18984行 (2022-09-30 15:00:00 - 2024-11-29 15:00:00)
2025-01-12 09:27:22,317 - ttf - INFO - データを読み込みました: SOLUSDT/4h (行数: 4746, 期間: 1664553600000 - 1732881600000)
2025-01-12 09:27:22,322 - ttf - INFO - データを処理しました: 4746行 (2022-09-30 16:00:00 - 2024-11-29 12:00:00)
2025-01-12 09:42:00,508 - ttf - INFO - データを読み込みました: SOLUSDT/4h (行数: 4746, 期間: 1664553600000 - 1732881600000)
2025-01-12 09:42:00,513 - ttf - INFO - データを処理しました: 4746行 (2022-09-30 16:00:00 - 2024-11-29 12:00:00)
